<?xml version="1.0" encoding="UTF-8"?>
<!-- Generated by org.testng.reporters.JUnitXMLReporter -->
<testsuite ignored="0" hostname="mounika" failures="0" tests="2" name="Test-Runner1" time="86.92" errors="0" timestamp="2023-07-26T13:48:53 IST">
  <testcase classname="vTigerContactsTest.CreateContactWithOrgPOM_TEST_BASE" name="createContactWithOrgTest" time="47.203"/>
  <testcase classname="vTigerContactsTest.CreateContactWithOrgPOM_TEST_BASE" name="demo" time="0.002"/>
</testsuite> <!-- Test-Runner1 -->
