<?xml version="1.0" encoding="UTF-8"?>
<!-- Generated by org.testng.reporters.JUnitReportReporter -->
<testsuite hostname="mounika" failures="0" tests="1" name="chaitra.CreateContacctTest" time="53.727" errors="0" timestamp="2023-07-18T16:47:55 IST" skipped="0">
  <testcase classname="chaitra.CreateContacctTest" name="createContTest" time="53.727"/>
  <system-out/>
</testsuite> <!-- chaitra.CreateContacctTest -->
