<?xml version="1.0" encoding="UTF-8"?>
<!-- Generated by org.testng.reporters.JUnitReportReporter -->
<testsuite hostname="mounika" failures="0" tests="1" name="vTigerContactsTest.CreateContactWithOrganizationDDT_GU" time="78.090" errors="0" timestamp="2023-07-23T16:08:00 IST" skipped="0">
  <testcase classname="vTigerContactsTest.CreateContactWithOrganizationDDT_GU" name="createContactWithOrg" time="78.090"/>
  <system-out/>
</testsuite> <!-- vTigerContactsTest.CreateContactWithOrganizationDDT_GU -->
