<?xml version="1.0" encoding="UTF-8"?>
<!-- Generated by org.testng.reporters.JUnitReportReporter -->
<testsuite hostname="mounika" failures="0" tests="1" name="chaitra.CreateOrgDropdownTest" time="50.141" errors="0" timestamp="2023-07-18T16:54:48 IST" skipped="0">
  <testcase classname="chaitra.CreateOrgDropdownTest" name="createOrgDropTest" time="50.141"/>
  <system-out/>
</testsuite> <!-- chaitra.CreateOrgDropdownTest -->
