<?xml version="1.0" encoding="UTF-8"?>
<!-- Generated by org.testng.reporters.JUnitReportReporter -->
<testsuite hostname="mounika" failures="0" tests="1" name="vTigerContactsTest.CreateContctWithOrgPOM" time="0.018" errors="0" timestamp="2023-07-23T17:12:07 IST" skipped="0">
  <testcase classname="vTigerContactsTest.CreateContctWithOrgPOM" name="demo" time="0.018"/>
  <system-out/>
</testsuite> <!-- vTigerContactsTest.CreateContctWithOrgPOM -->
