<?xml version="1.0" encoding="UTF-8"?>
<!-- Generated by org.testng.reporters.JUnitReportReporter -->
<testsuite hostname="mounika" failures="0" tests="5" name="vTigerOrganizationsTests.CreateMultipleOrgIndustryTest" time="482.174" errors="0" timestamp="2023-07-31T16:09:20 IST" skipped="0">
  <testcase classname="vTigerOrganizationsTests.CreateMultipleOrgIndustryTest" name="createMultipleOrg" time="185.513"/>
  <system-out/>
  <testcase classname="vTigerOrganizationsTests.CreateMultipleOrgIndustryTest" name="createMultipleOrg" time="73.893"/>
  <system-out/>
  <testcase classname="vTigerOrganizationsTests.CreateMultipleOrgIndustryTest" name="createMultipleOrg" time="86.972"/>
  <system-out/>
  <testcase classname="vTigerOrganizationsTests.CreateMultipleOrgIndustryTest" name="createMultipleOrg" time="70.317"/>
  <system-out/>
  <testcase classname="vTigerOrganizationsTests.CreateMultipleOrgIndustryTest" name="createMultipleOrg" time="65.479"/>
  <system-out/>
</testsuite> <!-- vTigerOrganizationsTests.CreateMultipleOrgIndustryTest -->
