<?xml version="1.0" encoding="UTF-8"?>
<!-- Generated by org.testng.reporters.JUnitReportReporter -->
<testsuite hostname="mounika" failures="0" tests="1" name="vTigerContactsTest.CreateContactWithOrganizationDDT_GUTest" time="123.825" errors="0" timestamp="2023-08-02T15:36:59 IST" skipped="0">
  <testcase classname="vTigerContactsTest.CreateContactWithOrganizationDDT_GUTest" name="createContactWithOrg" time="123.825"/>
  <system-out/>
</testsuite> <!-- vTigerContactsTest.CreateContactWithOrganizationDDT_GUTest -->
