<?xml version="1.0" encoding="UTF-8"?>
<!-- Generated by org.testng.reporters.JUnitReportReporter -->
<testsuite hostname="mounika" failures="0" tests="2" name="vTigerContactsTest.CreateContctWithOrgPOMTest" time="78.665" errors="0" timestamp="2023-08-02T15:36:59 IST" skipped="0">
  <testcase classname="vTigerContactsTest.CreateContctWithOrgPOMTest" name="createContactWithOrg" time="78.661"/>
  <system-out/>
  <testcase classname="vTigerContactsTest.CreateContctWithOrgPOMTest" name="demo" time="0.004"/>
  <system-out/>
</testsuite> <!-- vTigerContactsTest.CreateContctWithOrgPOMTest -->
