<?xml version="1.0" encoding="UTF-8"?>
<!-- Generated by org.testng.reporters.JUnitReportReporter -->
<testsuite hostname="mounika" failures="0" tests="2" name="vTigerContactsTest.CreateContactWithOrgPOM_BASETest" time="107.070" errors="0" timestamp="2023-08-02T15:36:59 IST" skipped="0">
  <testcase classname="vTigerContactsTest.CreateContactWithOrgPOM_BASETest" name="demo" time="21.893"/>
  <system-out/>
  <testcase classname="vTigerContactsTest.CreateContactWithOrgPOM_BASETest" name="createContactWithOrgTest" time="85.177"/>
  <system-out/>
</testsuite> <!-- vTigerContactsTest.CreateContactWithOrgPOM_BASETest -->
