<?xml version="1.0" encoding="UTF-8"?>
<!-- Generated by org.testng.reporters.JUnitReportReporter -->
<testsuite hostname="mounika" failures="0" tests="1" name="chaitra.CreateOrganizationTest" time="61.174" errors="0" timestamp="2023-07-18T16:44:19 IST" skipped="0">
  <testcase classname="chaitra.CreateOrganizationTest" name="createOrgTest" time="61.174"/>
  <system-out/>
</testsuite> <!-- chaitra.CreateOrganizationTest -->
