<?xml version="1.0" encoding="UTF-8"?>
<!-- Generated by org.testng.reporters.JUnitReportReporter -->
<testsuite hostname="mounika" failures="0" tests="2" name="vTigerContactsTest.CreateContactWithOrgPOM_TEST_BASE" time="73.218" errors="0" timestamp="2023-07-26T13:48:54 IST" skipped="0">
  <testcase classname="vTigerContactsTest.CreateContactWithOrgPOM_TEST_BASE" name="createContactWithOrgTest" time="59.636"/>
  <system-out/>
  <testcase classname="vTigerContactsTest.CreateContactWithOrgPOM_TEST_BASE" name="demo" time="13.582"/>
  <system-out/>
</testsuite> <!-- vTigerContactsTest.CreateContactWithOrgPOM_TEST_BASE -->
