<?xml version="1.0" encoding="UTF-8"?>
<!-- Generated by org.testng.reporters.JUnitReportReporter -->
<testsuite hostname="mounika" failures="0" tests="3" name="chaitraVtiger.DataProviderPractice" time="0.016" errors="0" timestamp="2023-07-19T18:28:53 IST" skipped="0">
  <testcase classname="chaitraVtiger.DataProviderPractice" name="addToCartTest" time="0.010"/>
  <system-out/>
  <testcase classname="chaitraVtiger.DataProviderPractice" name="addToCartTest" time="0.003"/>
  <system-out/>
  <testcase classname="chaitraVtiger.DataProviderPractice" name="addToCartTest" time="0.003"/>
  <system-out/>
</testsuite> <!-- chaitraVtiger.DataProviderPractice -->
