<?xml version="1.0" encoding="UTF-8"?>
<!-- Generated by org.testng.reporters.JUnitReportReporter -->
<testsuite hostname="mounika" failures="0" tests="2" name="vTigerOrganizationsTests.CreateOrgWithIndustryTypeDropDDT_GU" time="195.590" errors="0" timestamp="2023-07-26T15:22:18 IST" skipped="0">
  <testcase classname="vTigerOrganizationsTests.CreateOrgWithIndustryTypeDropDDT_GU" name="orgWithIndustry" time="98.200"/>
  <system-out/>
  <testcase classname="vTigerOrganizationsTests.CreateOrgWithIndustryTypeDropDDT_GU" name="orgWithIndustry" time="97.390"/>
  <system-out/>
</testsuite> <!-- vTigerOrganizationsTests.CreateOrgWithIndustryTypeDropDDT_GU -->
